<?xml version="1.0" encoding="UTF-8"?>
<testng-results ignored="0" total="1" passed="0" failed="1" skipped="0">
  <reporter-output>
  </reporter-output>
  <suite started-at="2021-03-02T21:28:40 ULAT" name="Default suite" finished-at="2021-03-02T21:30:13 ULAT" duration-ms="93209">
    <groups>
    </groups>
    <test started-at="2021-03-02T21:28:40 ULAT" name="Default test" finished-at="2021-03-02T21:30:13 ULAT" duration-ms="93209">
      <class name="com.testPractice.BrokenLinkAndImageTest">
        <test-method is-config="true" signature="setUp()[pri:0, instance:com.testPractice.BrokenLinkAndImageTest@6392827e]" started-at="2021-03-02T21:28:40 ULAT" name="setUp" finished-at="2021-03-02T21:28:47 ULAT" duration-ms="7355" status="PASS">
          <reporter-output>
          </reporter-output>
        </test-method> <!-- setUp -->
        <test-method signature="BrokenLinkAndImgTest()[pri:0, instance:com.testPractice.BrokenLinkAndImageTest@6392827e]" started-at="2021-03-02T21:28:47 ULAT" name="BrokenLinkAndImgTest" finished-at="2021-03-02T21:30:12 ULAT" duration-ms="84892" status="FAIL">
          <exception class="java.net.MalformedURLException">
            <full-stacktrace>
              <![CDATA[java.net.MalformedURLException
at java.base/java.net.URL.<init>(URL.java:679)
at java.base/java.net.URL.<init>(URL.java:541)
at java.base/java.net.URL.<init>(URL.java:488)
at com.testPractice.BrokenLinkAndImageTest.BrokenLinkAndImgTest(BrokenLinkAndImageTest.java:51)
at java.base/jdk.internal.reflect.NativeMethodAccessorImpl.invoke0(Native Method)
at java.base/jdk.internal.reflect.NativeMethodAccessorImpl.invoke(NativeMethodAccessorImpl.java:62)
at java.base/jdk.internal.reflect.DelegatingMethodAccessorImpl.invoke(DelegatingMethodAccessorImpl.java:43)
at java.base/java.lang.reflect.Method.invoke(Method.java:566)
at org.testng.internal.MethodInvocationHelper.invokeMethod(MethodInvocationHelper.java:132)
at org.testng.internal.TestInvoker.invokeMethod(TestInvoker.java:599)
at org.testng.internal.TestInvoker.invokeTestMethod(TestInvoker.java:174)
at org.testng.internal.MethodRunner.runInSequence(MethodRunner.java:46)
at org.testng.internal.TestInvoker$MethodInvocationAgent.invoke(TestInvoker.java:822)
at org.testng.internal.TestInvoker.invokeTestMethods(TestInvoker.java:147)
at org.testng.internal.TestMethodWorker.invokeTestMethods(TestMethodWorker.java:146)
at org.testng.internal.TestMethodWorker.run(TestMethodWorker.java:128)
at java.base/java.util.ArrayList.forEach(ArrayList.java:1541)
at org.testng.TestRunner.privateRun(TestRunner.java:764)
at org.testng.TestRunner.run(TestRunner.java:585)
at org.testng.SuiteRunner.runTest(SuiteRunner.java:384)
at org.testng.SuiteRunner.runSequentially(SuiteRunner.java:378)
at org.testng.SuiteRunner.privateRun(SuiteRunner.java:337)
at org.testng.SuiteRunner.run(SuiteRunner.java:286)
at org.testng.SuiteRunnerWorker.runSuite(SuiteRunnerWorker.java:53)
at org.testng.SuiteRunnerWorker.run(SuiteRunnerWorker.java:96)
at org.testng.TestNG.runSuitesSequentially(TestNG.java:1218)
at org.testng.TestNG.runSuitesLocally(TestNG.java:1140)
at org.testng.TestNG.runSuites(TestNG.java:1069)
at org.testng.TestNG.run(TestNG.java:1037)
at org.testng.remote.AbstractRemoteTestNG.run(AbstractRemoteTestNG.java:115)
at org.testng.remote.RemoteTestNG.initAndRun(RemoteTestNG.java:251)
at org.testng.remote.RemoteTestNG.main(RemoteTestNG.java:77)
Caused by: java.lang.NullPointerException
at java.base/java.net.URL.<init>(URL.java:585)
... 31 more
]]>
            </full-stacktrace>
          </exception> <!-- java.net.MalformedURLException -->
          <reporter-output>
          </reporter-output>
        </test-method> <!-- BrokenLinkAndImgTest -->
        <test-method is-config="true" signature="tearDown()[pri:0, instance:com.testPractice.BrokenLinkAndImageTest@6392827e]" started-at="2021-03-02T21:30:12 ULAT" name="tearDown" finished-at="2021-03-02T21:30:13 ULAT" duration-ms="889" status="PASS">
          <reporter-output>
          </reporter-output>
        </test-method> <!-- tearDown -->
      </class> <!-- com.testPractice.BrokenLinkAndImageTest -->
    </test> <!-- Default test -->
  </suite> <!-- Default suite -->
</testng-results>
